{
  "stats": {
    "suites": 1,
    "tests": 1,
    "passes": 1,
    "pending": 0,
    "failures": 0,
    "start": "2025-10-10T20:05:55.730Z",
    "end": "2025-10-10T20:05:57.563Z",
    "duration": 1833,
    "testsRegistered": 1,
    "passPercent": 100,
    "pendingPercent": 0,
    "other": 0,
    "hasOther": false,
    "skipped": 0,
    "hasSkipped": false
  },
  "results": [
    {
      "uuid": "ea16382f-706d-4de4-b2e6-cd5563273b1a",
      "title": "",
      "fullFile": "cypress/e2e/prueba.spec.js",
      "file": "cypress/prueba.spec.js",
      "beforeHooks": [],
      "afterHooks": [],
      "tests": [],
      "suites": [
        {
          "uuid": "d1fc26c1-306f-4e37-9a19-5f8f15bc5def",
          "title": "Prueba de login",
          "fullFile": "",
          "file": "",
          "beforeHooks": [],
          "afterHooks": [],
          "tests": [
            {
              "title": "verifica que el login funcione",
              "fullTitle": "Prueba de login verifica que el login funcione",
              "timedOut": null,
              "duration": 1739,
              "state": "passed",
              "speed": "fast",
              "pass": true,
              "fail": false,
              "pending": false,
              "context": null,
              "code": "cy.visit('/login');\ncy.get('#username').type('admin');\ncy.get('#password').type('admin123');\ncy.get('button[type=\"submit\"]').click();\ncy.url().should('include', '/dashboard');\ncy.contains('Bienvenido').should('be.visible');",
              "err": {},
              "uuid": "455e0ec6-024f-4f12-b027-0abff09328c1",
              "parentUUID": "d1fc26c1-306f-4e37-9a19-5f8f15bc5def",
              "isHook": false,
              "skipped": false
            }
          ],
          "suites": [],
          "passes": [
            "455e0ec6-024f-4f12-b027-0abff09328c1"
          ],
          "failures": [],
          "pending": [],
          "skipped": [],
          "duration": 1739,
          "root": false,
          "rootEmpty": false,
          "_timeout": 2000
        }
      ],
      "passes": [],
      "failures": [],
      "pending": [],
      "skipped": [],
      "duration": 0,
      "root": true,
      "rootEmpty": true,
      "_timeout": 2000
    }
  ],
  "meta": {
    "mocha": {
      "version": "7.0.1"
    },
    "mochawesome": {
      "options": {
        "quiet": false,
        "reportFilename": "mochawesome",
        "saveHtml": true,
        "saveJson": true,
        "consoleReporter": "spec",
        "useInlineDiffs": false,
        "code": true
      },
      "version": "7.1.3"
    },
    "marge": {
      "options": null,
      "version": "6.2.0"
    }
  }
}